#
# A fatal error has been detected by the Java Runtime Environment:
#
#  EXCEPTION_ACCESS_VIOLATION (0xc0000005) at pc=0x000000006f01656f, pid=6232, tid=6684
#
# JRE version: Java(TM) SE Runtime Environment (8.0_05-b13) (build 1.8.0_05-b13)
# Java VM: Java HotSpot(TM) 64-Bit Server VM (25.5-b02 mixed mode windows-amd64 compressed oops)
# Problematic frame:
# V  [jvm.dll+0xf656f]
#
# Failed to write core dump. Minidumps are not enabled by default on client versions of Windows
#
# If you would like to submit a bug report, please visit:
#   http://bugreport.sun.com/bugreport/crash.jsp
#

---------------  T H R E A D  ---------------

Current thread (0x000000001369b800):  JavaThread "C2 CompilerThread1" daemon [_thread_in_vm, id=6684, stack(0x0000000013de0000,0x0000000013ee0000)]

siginfo: ExceptionCode=0xc0000005, reading address 0xffffffffffffffff

Registers:
RAX=0x0000000000000006, RBX=0x0000000019716618, RCX=0x0000980019716b78, RDX=0x0000000003435250
RSP=0x0000000013edd408, RBP=0x0000000000000001, RSI=0x0000000003435250, RDI=0x0000000003436160
R8 =0x0000000000000006, R9 =0x000000000000000c, R10=0x0000000000000000, R11=0x0000000003435250
R12=0x00000000033ff3d0, R13=0x0000000013ede930, R14=0x000000001369b800, R15=0x0000000003400710
RIP=0x000000006f01656f, EFLAGS=0x0000000000010216

Top of Stack: (sp=0x0000000013edd408)
0x0000000013edd408:   000000006f0165dd 0000000019716618
0x0000000013edd418:   0000000000000000 0000000100006fd0
0x0000000013edd428:   000000006efccad0 0000000013edd7e0
0x0000000013edd438:   000000006f01d065 0000000019716618
0x0000000013edd448:   0000000000000001 0000000012da0301
0x0000000013edd458:   0000000000000000 00000001001f6a68
0x0000000013edd468:   000000006efa6819 0000000100000f28
0x0000000013edd478:   0000000003435250 0000000003436160
0x0000000013edd488:   0000000013edd6b0 00000001001f76a0
0x0000000013edd498:   000000006f10381e 0000000100006fd0
0x0000000013edd4a8:   000000006ef45735 0000000000000000
0x0000000013edd4b8:   0000000000000000 000000001369b800
0x0000000013edd4c8:   0000000013edd700 0000000013edd590
0x0000000013edd4d8:   000000006efccbec 0000000013edd760
0x0000000013edd4e8:   0000000013edd590 0000000003436160
0x0000000013edd4f8:   0000000003435250 00000000136d17b8 

Instructions: (pc=0x000000006f01656f)
0x000000006f01654f:   ff c9 48 8b d9 78 4c 66 66 0f 1f 84 00 00 00 00
0x000000006f01655f:   00 47 8d 04 11 41 d1 f8 49 63 c0 48 8b 4c c3 08
0x000000006f01656f:   48 8b 41 08 0f b7 48 20 48 8b 40 08 48 8b 54 c8
0x000000006f01657f:   50 49 3b d3 72 14 33 c0 49 3b d3 0f 95 c0 85 c0 


Register to memory mapping:

RAX=0x0000000000000006 is an unknown value
RBX=0x0000000019716618 is an unknown value
RCX=0x0000980019716b78 is an unknown value
RDX=0x0000000003435250 is an unknown value
RSP=0x0000000013edd408 is pointing into the stack for thread: 0x000000001369b800
RBP=0x0000000000000001 is an unknown value
RSI=0x0000000003435250 is an unknown value
RDI=0x0000000003436160 is an unknown value
R8 =0x0000000000000006 is an unknown value
R9 =0x000000000000000c is an unknown value
R10=0x0000000000000000 is an unknown value
R11=0x0000000003435250 is an unknown value
R12=0x00000000033ff3d0 is an unknown value
R13=0x0000000013ede930 is pointing into the stack for thread: 0x000000001369b800
R14=0x000000001369b800 is a thread
R15=0x0000000003400710 is an unknown value


Stack: [0x0000000013de0000,0x0000000013ee0000],  sp=0x0000000013edd408,  free space=1013k
Native frames: (J=compiled Java code, j=interpreted, Vv=VM code, C=native code)
V  [jvm.dll+0xf656f]
V  [jvm.dll+0xf65dd]
V  [jvm.dll+0xfd065]
V  [jvm.dll+0x86819]
V  [jvm.dll+0x87931]
V  [jvm.dll+0x334f2]
V  [jvm.dll+0x44a245]
V  [jvm.dll+0x44b18d]
V  [jvm.dll+0x4d1519]
V  [jvm.dll+0x4ca067]
V  [jvm.dll+0x4ca3e9]
V  [jvm.dll+0x4ca945]
V  [jvm.dll+0x428461]
V  [jvm.dll+0x443468]
V  [jvm.dll+0x427532]
V  [jvm.dll+0x96702]
V  [jvm.dll+0x96ef3]
V  [jvm.dll+0x2232c4]
V  [jvm.dll+0x27baca]
C  [msvcr100.dll+0x21d9f]
C  [msvcr100.dll+0x21e3b]
C  [KERNEL32.DLL+0x17034]
C  [ntdll.dll+0x4d241]


Current CompileTask:
C2:  20499 3762  s    4       java.util.Hashtable::get (69 bytes)


---------------  P R O C E S S  ---------------

Java Threads: ( => current thread )
  0x0000000015b05000 JavaThread "Tcl Isolation Thread" daemon [_thread_blocked, id=14676, stack(0x0000000017570000,0x0000000017670000)]
  0x000000001372c800 JavaThread "Service Thread" daemon [_thread_blocked, id=12772, stack(0x00000000140e0000,0x00000000141e0000)]
  0x00000000136b0000 JavaThread "C1 CompilerThread3" daemon [_thread_blocked, id=10784, stack(0x0000000013fe0000,0x00000000140e0000)]
  0x000000001369d000 JavaThread "C2 CompilerThread2" daemon [_thread_blocked, id=3488, stack(0x0000000013ee0000,0x0000000013fe0000)]
=>0x000000001369b800 JavaThread "C2 CompilerThread1" daemon [_thread_in_vm, id=6684, stack(0x0000000013de0000,0x0000000013ee0000)]
  0x000000001369a000 JavaThread "C2 CompilerThread0" daemon [_thread_blocked, id=1452, stack(0x0000000013ce0000,0x0000000013de0000)]
  0x0000000013695800 JavaThread "Attach Listener" daemon [_thread_blocked, id=5228, stack(0x0000000013be0000,0x0000000013ce0000)]
  0x0000000013695000 JavaThread "Signal Dispatcher" daemon [_thread_blocked, id=3160, stack(0x0000000013ae0000,0x0000000013be0000)]
  0x00000000034e2000 JavaThread "Finalizer" daemon [_thread_blocked, id=9844, stack(0x00000000139a0000,0x0000000013aa0000)]
  0x00000000034da800 JavaThread "Reference Handler" daemon [_thread_blocked, id=10276, stack(0x00000000138a0000,0x00000000139a0000)]
  0x00000000033f6000 JavaThread "main" [_thread_blocked, id=6296, stack(0x00000000032f0000,0x00000000033f0000)]

Other Threads:
  0x00000000034d5000 VMThread [stack: 0x00000000137a0000,0x00000000138a0000] [id=14808]
  0x0000000013730800 WatcherThread [stack: 0x00000000141e0000,0x00000000142e0000] [id=10192]

VM state:synchronizing (normal execution)

VM Mutex/Monitor currently owned by a thread:  ([mutex/lock_event])
[0x00000000033f2f30] Threads_lock - owner thread: 0x00000000034d5000
[0x00000000033f3430] Heap_lock - owner thread: 0x00000000033f6000
[0x00000000033f4ac0] Compile_lock - owner thread: 0x000000001369b800

Heap:
 def new generation   total 1152K, used 1061K [0x00000000a2400000, 0x00000000a2540000, 0x00000000c1800000)
  eden space 1024K, 100% used [0x00000000a2400000, 0x00000000a2500000, 0x00000000a2500000)
  from space 128K,  29% used [0x00000000a2500000, 0x00000000a2509490, 0x00000000a2520000)
  to   space 128K,   0% used [0x00000000a2520000, 0x00000000a2520000, 0x00000000a2540000)
 tenured generation   total 260864K, used 44229K [0x00000000c1800000, 0x00000000d16c0000, 0x0000000100000000)
   the space 260864K,  16% used [0x00000000c1800000, 0x00000000c4331598, 0x00000000c4331600, 0x00000000d16c0000)
 Metaspace       used 16613K, capacity 17138K, committed 17408K, reserved 1064960K
  class space    used 1939K, capacity 2028K, committed 2048K, reserved 1048576K

Card table byte_map: [0x00000000128b0000,0x0000000012ba0000] byte_map_base: 0x000000001239e000

Polling page: 0x0000000001320000

CodeCache: size=245760Kb used=12589Kb max_used=12616Kb free=233170Kb
 bounds [0x00000000034f0000, 0x0000000004160000, 0x00000000124f0000]
 total_blobs=3576 nmethods=3243 adapters=247
 compilation: enabled

Compilation events (10 events):
Event: 16.155 Thread 0x000000001369b800 nmethod 3759 0x000000000413ed10 code [0x000000000413ee60, 0x000000000413ef18]
Event: 16.169 Thread 0x000000001369a000 3760       4       java.net.URLStreamHandler::parseURL (1158 bytes)
Event: 16.189 Thread 0x000000001369d000 nmethod 3721 0x0000000004145790 code [0x0000000004146040, 0x0000000004148be0]
Event: 16.232 Thread 0x000000001369a000 nmethod 3760 0x0000000004152210 code [0x0000000004152720, 0x0000000004156ae8]
Event: 20.486 Thread 0x00000000136b0000 3761       3       tcl.lang.TclToken::<init> (15 bytes)
Event: 20.486 Thread 0x00000000136b0000 nmethod 3761 0x000000000413e950 code [0x000000000413eaa0, 0x000000000413ec70]
Event: 20.486 Thread 0x000000001369b800 3762  s    4       java.util.Hashtable::get (69 bytes)
Event: 20.487 Thread 0x000000001369d000 3763 %     4       tcl.lang.TclInputStream::translateEOL @ 708 (973 bytes)
Event: 20.487 Thread 0x000000001369a000 3764 % !   4       sun.nio.cs.ISO_8859_1$Decoder::decodeArrayLoop @ 129 (263 bytes)
Event: 20.487 Thread 0x00000000136b0000 3765 % !   3       tcl.lang.Parser::parseCommand @ 654 (1377 bytes)

GC Heap History (10 events):
Event: 16.164 GC heap before
{Heap before GC invocations=817 (full 0):
 def new generation   total 1152K, used 1054K [0x00000000a2400000, 0x00000000a2540000, 0x00000000c1800000)
  eden space 1024K, 100% used [0x00000000a2400000, 0x00000000a2500000, 0x00000000a2500000)
  from space 128K,  23% used [0x00000000a2520000, 0x00000000a25279f8, 0x00000000a2540000)
  to   space 128K,   0% used [0x00000000a2500000, 0x00000000a2500000, 0x00000000a2520000)
 tenured generation   total 260864K, used 44229K [0x00000000c1800000, 0x00000000d16c0000, 0x0000000100000000)
   the space 260864K,  16% used [0x00000000c1800000, 0x00000000c4331598, 0x00000000c4331600, 0x00000000d16c0000)
 Metaspace       used 16566K, capacity 17010K, committed 17152K, reserved 1064960K
  class space    used 1936K, capacity 2028K, committed 2048K, reserved 1048576K
Event: 16.165 GC heap after
Heap after GC invocations=818 (full 0):
 def new generation   total 1152K, used 50K [0x00000000a2400000, 0x00000000a2540000, 0x00000000c1800000)
  eden space 1024K,   0% used [0x00000000a2400000, 0x00000000a2400000, 0x00000000a2500000)
  from space 128K,  39% used [0x00000000a2500000, 0x00000000a250c870, 0x00000000a2520000)
  to   space 128K,   0% used [0x00000000a2520000, 0x00000000a2520000, 0x00000000a2540000)
 tenured generation   total 260864K, used 44229K [0x00000000c1800000, 0x00000000d16c0000, 0x0000000100000000)
   the space 260864K,  16% used [0x00000000c1800000, 0x00000000c4331598, 0x00000000c4331600, 0x00000000d16c0000)
 Metaspace       used 16566K, capacity 17010K, committed 17152K, reserved 1064960K
  class space    used 1936K, capacity 2028K, committed 2048K, reserved 1048576K
}
Event: 16.166 GC heap before
{Heap before GC invocations=818 (full 0):
 def new generation   total 1152K, used 1074K [0x00000000a2400000, 0x00000000a2540000, 0x00000000c1800000)
  eden space 1024K, 100% used [0x00000000a2400000, 0x00000000a2500000, 0x00000000a2500000)
  from space 128K,  39% used [0x00000000a2500000, 0x00000000a250c870, 0x00000000a2520000)
  to   space 128K,   0% used [0x00000000a2520000, 0x00000000a2520000, 0x00000000a2540000)
 tenured generation   total 260864K, used 44229K [0x00000000c1800000, 0x00000000d16c0000, 0x0000000100000000)
   the space 260864K,  16% used [0x00000000c1800000, 0x00000000c4331598, 0x00000000c4331600, 0x00000000d16c0000)
 Metaspace       used 16566K, capacity 17010K, committed 17152K, reserved 1064960K
  class space    used 1936K, capacity 2028K, committed 2048K, reserved 1048576K
Event: 16.167 GC heap after
Heap after GC invocations=819 (full 0):
 def new generation   total 1152K, used 52K [0x00000000a2400000, 0x00000000a2540000, 0x00000000c1800000)
  eden space 1024K,   0% used [0x00000000a2400000, 0x00000000a2400000, 0x00000000a2500000)
  from space 128K,  41% used [0x00000000a2520000, 0x00000000a252d3b8, 0x00000000a2540000)
  to   space 128K,   0% used [0x00000000a2500000, 0x00000000a2500000, 0x00000000a2520000)
 tenured generation   total 260864K, used 44229K [0x00000000c1800000, 0x00000000d16c0000, 0x0000000100000000)
   the space 260864K,  16% used [0x00000000c1800000, 0x00000000c4331598, 0x00000000c4331600, 0x00000000d16c0000)
 Metaspace       used 16566K, capacity 17010K, committed 17152K, reserved 1064960K
  class space    used 1936K, capacity 2028K, committed 2048K, reserved 1048576K
}
Event: 16.168 GC heap before
{Heap before GC invocations=819 (full 0):
 def new generation   total 1152K, used 1076K [0x00000000a2400000, 0x00000000a2540000, 0x00000000c1800000)
  eden space 1024K, 100% used [0x00000000a2400000, 0x00000000a2500000, 0x00000000a2500000)
  from space 128K,  41% used [0x00000000a2520000, 0x00000000a252d3b8, 0x00000000a2540000)
  to   space 128K,   0% used [0x00000000a2500000, 0x00000000a2500000, 0x00000000a2520000)
 tenured generation   total 260864K, used 44229K [0x00000000c1800000, 0x00000000d16c0000, 0x0000000100000000)
   the space 260864K,  16% used [0x00000000c1800000, 0x00000000c4331598, 0x00000000c4331600, 0x00000000d16c0000)
 Metaspace       used 16567K, capacity 17010K, committed 17152K, reserved 1064960K
  class space    used 1936K, capacity 2028K, committed 2048K, reserved 1048576K
Event: 16.169 GC heap after
Heap after GC invocations=820 (full 0):
 def new generation   total 1152K, used 24K [0x00000000a2400000, 0x00000000a2540000, 0x00000000c1800000)
  eden space 1024K,   0% used [0x00000000a2400000, 0x00000000a2400000, 0x00000000a2500000)
  from space 128K,  18% used [0x00000000a2500000, 0x00000000a25060f8, 0x00000000a2520000)
  to   space 128K,   0% used [0x00000000a2520000, 0x00000000a2520000, 0x00000000a2540000)
 tenured generation   total 260864K, used 44229K [0x00000000c1800000, 0x00000000d16c0000, 0x0000000100000000)
   the space 260864K,  16% used [0x00000000c1800000, 0x00000000c4331598, 0x00000000c4331600, 0x00000000d16c0000)
 Metaspace       used 16567K, capacity 17010K, committed 17152K, reserved 1064960K
  class space    used 1936K, capacity 2028K, committed 2048K, reserved 1048576K
}
Event: 16.170 GC heap before
{Heap before GC invocations=820 (full 0):
 def new generation   total 1152K, used 1048K [0x00000000a2400000, 0x00000000a2540000, 0x00000000c1800000)
  eden space 1024K, 100% used [0x00000000a2400000, 0x00000000a2500000, 0x00000000a2500000)
  from space 128K,  18% used [0x00000000a2500000, 0x00000000a25060f8, 0x00000000a2520000)
  to   space 128K,   0% used [0x00000000a2520000, 0x00000000a2520000, 0x00000000a2540000)
 tenured generation   total 260864K, used 44229K [0x00000000c1800000, 0x00000000d16c0000, 0x0000000100000000)
   the space 260864K,  16% used [0x00000000c1800000, 0x00000000c4331598, 0x00000000c4331600, 0x00000000d16c0000)
 Metaspace       used 16567K, capacity 17010K, committed 17152K, reserved 1064960K
  class space    used 1936K, capacity 2028K, committed 2048K, reserved 1048576K
Event: 16.170 GC heap after
Heap after GC invocations=821 (full 0):
 def new generation   total 1152K, used 53K [0x00000000a2400000, 0x00000000a2540000, 0x00000000c1800000)
  eden space 1024K,   0% used [0x00000000a2400000, 0x00000000a2400000, 0x00000000a2500000)
  from space 128K,  41% used [0x00000000a2520000, 0x00000000a252d6a0, 0x00000000a2540000)
  to   space 128K,   0% used [0x00000000a2500000, 0x00000000a2500000, 0x00000000a2520000)
 tenured generation   total 260864K, used 44229K [0x00000000c1800000, 0x00000000d16c0000, 0x0000000100000000)
   the space 260864K,  16% used [0x00000000c1800000, 0x00000000c4331598, 0x00000000c4331600, 0x00000000d16c0000)
 Metaspace       used 16567K, capacity 17010K, committed 17152K, reserved 1064960K
  class space    used 1936K, capacity 2028K, committed 2048K, reserved 1048576K
}
Event: 16.172 GC heap before
{Heap before GC invocations=821 (full 0):
 def new generation   total 1152K, used 1077K [0x00000000a2400000, 0x00000000a2540000, 0x00000000c1800000)
  eden space 1024K, 100% used [0x00000000a2400000, 0x00000000a2500000, 0x00000000a2500000)
  from space 128K,  41% used [0x00000000a2520000, 0x00000000a252d6a0, 0x00000000a2540000)
  to   space 128K,   0% used [0x00000000a2500000, 0x00000000a2500000, 0x00000000a2520000)
 tenured generation   total 260864K, used 44229K [0x00000000c1800000, 0x00000000d16c0000, 0x0000000100000000)
   the space 260864K,  16% used [0x00000000c1800000, 0x00000000c4331598, 0x00000000c4331600, 0x00000000d16c0000)
 Metaspace       used 16576K, capacity 17010K, committed 17152K, reserved 1064960K
  class space    used 1937K, capacity 2028K, committed 2048K, reserved 1048576K
Event: 16.173 GC heap after
Heap after GC invocations=822 (full 0):
 def new generation   total 1152K, used 37K [0x00000000a2400000, 0x00000000a2540000, 0x00000000c1800000)
  eden space 1024K,   0% used [0x00000000a2400000, 0x00000000a2400000, 0x00000000a2500000)
  from space 128K,  29% used [0x00000000a2500000, 0x00000000a2509490, 0x00000000a2520000)
  to   space 128K,   0% used [0x00000000a2520000, 0x00000000a2520000, 0x00000000a2540000)
 tenured generation   total 260864K, used 44229K [0x00000000c1800000, 0x00000000d16c0000, 0x0000000100000000)
   the space 260864K,  16% used [0x00000000c1800000, 0x00000000c4331598, 0x00000000c4331600, 0x00000000d16c0000)
 Metaspace       used 16576K, capacity 17010K, committed 17152K, reserved 1064960K
  class space    used 1937K, capacity 2028K, committed 2048K, reserved 1048576K
}

Deoptimization events (10 events):
Event: 11.430 Thread 0x00000000033f6000 Uncommon trap: reason=predicate action=maybe_recompile pc=0x0000000003d6c8b4 method=java.util.TreeMap.put(Ljava/lang/Object;Ljava/lang/Object;)Ljava/lang/Object; @ 132
Event: 11.431 Thread 0x00000000033f6000 Uncommon trap: reason=unreached action=reinterpret pc=0x0000000003dac49c method=java.net.URLStreamHandler.parseURL(Ljava/net/URL;Ljava/lang/String;II)V @ 682
Event: 11.476 Thread 0x00000000033f6000 Uncommon trap: reason=unreached action=reinterpret pc=0x0000000003fa0588 method=java.beans.Introspector.addMethod(Ljava/beans/MethodDescriptor;)V @ 153
Event: 11.547 Thread 0x00000000033f6000 Uncommon trap: reason=null_check action=make_not_entrant pc=0x000000000404e2f4 method=java.beans.PropertyDescriptor.findPropertyType(Ljava/lang/reflect/Method;Ljava/lang/reflect/Method;)Ljava/lang/Class; @ 157
Event: 11.694 Thread 0x00000000033f6000 Uncommon trap: reason=null_check action=make_not_entrant pc=0x0000000004094b5c method=java.beans.Introspector.isAssignable(Ljava/lang/Class;Ljava/lang/Class;)Z @ 18
Event: 11.716 Thread 0x00000000033f6000 Uncommon trap: reason=null_check action=make_not_entrant pc=0x0000000004083abc method=java.beans.Introspector.isAssignable(Ljava/lang/Class;Ljava/lang/Class;)Z @ 18
Event: 11.809 Thread 0x00000000033f6000 Uncommon trap: reason=unreached action=reinterpret pc=0x000000000409dd6c method=java.util.WeakHashMap.remove(Ljava/lang/Object;)Ljava/lang/Object; @ 94
Event: 16.130 Thread 0x00000000033f6000 Uncommon trap: reason=class_check action=maybe_recompile pc=0x0000000003cdc9e4 method=java.util.Hashtable.get(Ljava/lang/Object;)Ljava/lang/Object; @ 45
Event: 16.154 Thread 0x00000000033f6000 Uncommon trap: reason=unreached action=reinterpret pc=0x0000000004131e74 method=java.util.HashMap.removeNode(ILjava/lang/Object;Ljava/lang/Object;ZZ)Ljava/util/HashMap$Node; @ 168
Event: 20.486 Thread 0x00000000033f6000 Uncommon trap: reason=class_check action=maybe_recompile pc=0x0000000003cdc9e4 method=java.util.Hashtable.get(Ljava/lang/Object;)Ljava/lang/Object; @ 45

Internal exceptions (10 events):
Event: 16.171 Thread 0x00000000033f6000 Exception <a 'java/lang/ClassNotFoundException': com/altera/sopcmodel/beanelement/BeanConnectionCustomizer> (0x00000000a249f848) thrown at [D:\re\workspace\8-2-build-windows-amd64-cygwin\jdk8u5\2488\hotspot\src\share\vm\classfile\systemDictionary.cpp, linew≈Bc‹+0@
Event: 16.171 Thread 0x00000000033f6000 Exception <a 'java/security/PrivilegedActionException'> (0x00000000a24b2e30) thrown at [D:\re\workspace\8-2-build-windows-amd64-cygwin\jdk8u5\2488\hotspot\src\share\vm\prims\jvm.cpp, line 1248]
Event: 16.171 Thread 0x00000000033f6000 Exception <a 'java/security/PrivilegedActionException'> (0x00000000a24c1220) thrown at [D:\re\workspace\8-2-build-windows-amd64-cygwin\jdk8u5\2488\hotspot\src\share\vm\prims\jvm.cpp, line 1248]
Event: 16.171 Thread 0x00000000033f6000 Exception <a 'java/security/PrivilegedActionException'> (0x00000000a24c1c50) thrown at [D:\re\workspace\8-2-build-windows-amd64-cygwin\jdk8u5\2488\hotspot\src\share\vm\prims\jvm.cpp, line 1248]
Event: 16.171 Thread 0x00000000033f6000 Exception <a 'java/security/PrivilegedActionException'> (0x00000000a24d0040) thrown at [D:\re\workspace\8-2-build-windows-amd64-cygwin\jdk8u5\2488\hotspot\src\share\vm\prims\jvm.cpp, line 1248]
Event: 16.172 Thread 0x00000000033f6000 Exception <a 'java/lang/ClassNotFoundException': com/altera/sopcmodel/wire/WireConnectionCustomizer> (0x00000000a24d0418) thrown at [D:\re\workspace\8-2-build-windows-amd64-cygwin\jdk8u5\2488\hotspot\src\share\vm\classfile\systemDictionary.cpp, line 202]
Event: 16.172 Thread 0x00000000033f6000 Exception <a 'java/security/PrivilegedActionException'> (0x00000000a24e2a28) thrown at [D:\re\workspace\8-2-build-windows-amd64-cygwin\jdk8u5\2488\hotspot\src\share\vm\prims\jvm.cpp, line 1248]
Event: 16.172 Thread 0x00000000033f6000 Exception <a 'java/security/PrivilegedActionException'> (0x00000000a24f0778) thrown at [D:\re\workspace\8-2-build-windows-amd64-cygwin\jdk8u5\2488\hotspot\src\share\vm\prims\jvm.cpp, line 1248]
Event: 16.172 Thread 0x00000000033f6000 Exception <a 'java/security/PrivilegedActionException'> (0x00000000a24fa428) thrown at [D:\re\workspace\8-2-build-windows-amd64-cygwin\jdk8u5\2488\hotspot\src\share\vm\prims\jvm.cpp, line 1248]
Event: 16.174 Thread 0x00000000033f6000 Exception <a 'java/security/PrivilegedActionException'> (0x00000000a2416388) thrown at [D:\re\workspace\8-2-build-windows-amd64-cygwin\jdk8u5\2488\hotspot\src\share\vm\prims\jvm.cpp, line 1248]

Events (10 events):
Event: 16.172 loading class com/altera/sopcmodel/components/tclmodule/LiveModuleGenerateHdl done
Event: 16.172 Executing VM operation: GenCollectForAllocation
Event: 16.173 Executing VM operation: GenCollectForAllocation done
Event: 16.174 loading class com/altera/sopcmodel/util/MessageUtils$1
Event: 16.174 loading class com/altera/sopcmodel/util/MessageUtils$1 done
Event: 16.174 loading class java/util/logging/LogRecord
Event: 16.174 loading class java/util/logging/LogRecord done
Event: 20.486 Thread 0x00000000033f6000 Uncommon trap: trap_request=0xffffffde fr.pc=0x0000000003cdc9e4
Event: 20.486 Thread 0x00000000033f6000 DEOPT PACKING pc=0x0000000003cdc9e4 sp=0x00000000033ed830
Event: 20.486 Thread 0x00000000033f6000 DEOPT UNPACKING pc=0x00000000035373ef sp=0x00000000033ed7e0 mode 2


Dynamic libraries:
0x00007ff765500000 - 0x00007ff765534000 	C:\altera\14.1\quartus\bin64\jre64\bin\java.exe
0x00007ffe4f530000 - 0x00007ffe4f726000 	C:\WINDOWS\SYSTEM32\ntdll.dll
0x00007ffe4ef80000 - 0x00007ffe4f03d000 	C:\WINDOWS\System32\KERNEL32.DLL
0x00007ffe4cf90000 - 0x00007ffe4d259000 	C:\WINDOWS\System32\KERNELBASE.dll
0x00007ffe4f170000 - 0x00007ffe4f21c000 	C:\WINDOWS\System32\ADVAPI32.dll
0x00007ffe4f220000 - 0x00007ffe4f2be000 	C:\WINDOWS\System32\msvcrt.dll
0x00007ffe4e050000 - 0x00007ffe4e0ec000 	C:\WINDOWS\System32\sechost.dll
0x00007ffe4ec90000 - 0x00007ffe4edbb000 	C:\WINDOWS\System32\RPCRT4.dll
0x00007ffe4de50000 - 0x00007ffe4dff0000 	C:\WINDOWS\System32\USER32.dll
0x00007ffe4cee0000 - 0x00007ffe4cf02000 	C:\WINDOWS\System32\win32u.dll
0x00007ffe4f460000 - 0x00007ffe4f48a000 	C:\WINDOWS\System32\GDI32.dll
0x00007ffe4d480000 - 0x00007ffe4d58b000 	C:\WINDOWS\System32\gdi32full.dll
0x00007ffe4d3e0000 - 0x00007ffe4d47d000 	C:\WINDOWS\System32\msvcp_win.dll
0x00007ffe4d260000 - 0x00007ffe4d360000 	C:\WINDOWS\System32\ucrtbase.dll
0x00007ffe41670000 - 0x00007ffe4190b000 	C:\WINDOWS\WinSxS\amd64_microsoft.windows.common-controls_6595b64144ccf1df_6.0.19041.746_none_ca02b4b61b8320a4\COMCTL32.dll
0x00007ffe4eea0000 - 0x00007ffe4eed0000 	C:\WINDOWS\System32\IMM32.DLL
0x000000006f750000 - 0x000000006f822000 	C:\altera\14.1\quartus\bin64\jre64\bin\msvcr100.dll
0x000000006ef20000 - 0x000000006f74a000 	C:\altera\14.1\quartus\bin64\jre64\bin\server\jvm.dll
0x00007ffe4d9d0000 - 0x00007ffe4d9d8000 	C:\WINDOWS\System32\PSAPI.DLL
0x00007ffe42f80000 - 0x00007ffe42fa7000 	C:\WINDOWS\SYSTEM32\WINMM.dll
0x00007ffe2dc00000 - 0x00007ffe2dc09000 	C:\WINDOWS\SYSTEM32\WSOCK32.dll
0x00007ffe4eae0000 - 0x00007ffe4eb4b000 	C:\WINDOWS\System32\WS2_32.dll
0x00000000717f0000 - 0x00000000717ff000 	C:\altera\14.1\quartus\bin64\jre64\bin\verify.dll
0x000000006edb0000 - 0x000000006edd8000 	C:\altera\14.1\quartus\bin64\jre64\bin\java.dll
0x000000006ed90000 - 0x000000006eda6000 	C:\altera\14.1\quartus\bin64\jre64\bin\zip.dll
0x00007ffe4e0f0000 - 0x00007ffe4e832000 	C:\WINDOWS\System32\SHELL32.dll
0x00007ffe4adc0000 - 0x00007ffe4b550000 	C:\WINDOWS\SYSTEM32\windows.storage.dll
0x00007ffe4d590000 - 0x00007ffe4d8e6000 	C:\WINDOWS\System32\combase.dll
0x00007ffe4c660000 - 0x00007ffe4c68c000 	C:\WINDOWS\SYSTEM32\Wldp.dll
0x00007ffe4eed0000 - 0x00007ffe4ef7e000 	C:\WINDOWS\System32\SHCORE.dll
0x00007ffe4e840000 - 0x00007ffe4e895000 	C:\WINDOWS\System32\shlwapi.dll
0x00007ffe4cba0000 - 0x00007ffe4cbc6000 	C:\WINDOWS\SYSTEM32\profapi.dll
0x00007ffe13310000 - 0x00007ffe13316000 	C:\altera\14.1\quartus\bin64\sld_utiljni.dll
0x00007ffdc6230000 - 0x00007ffdc631f000 	C:\WINDOWS\SYSTEM32\MSVCR120.dll
0x0000000071870000 - 0x00000000719f7000 	C:\altera\14.1\quartus\bin64\tcl86.dll
0x00007ffe3f890000 - 0x00007ffe3f8a8000 	C:\WINDOWS\SYSTEM32\NETAPI32.dll
0x00007ffe4c180000 - 0x00007ffe4c18c000 	C:\WINDOWS\SYSTEM32\NETUTILS.DLL
0x00007ffe410e0000 - 0x00007ffe410f9000 	C:\WINDOWS\SYSTEM32\SAMCLI.DLL
0x00007ffe4c190000 - 0x00007ffe4c1d2000 	C:\WINDOWS\SYSTEM32\LOGONCLI.DLL
0x00007ffe199a0000 - 0x00007ffe19a60000 	C:\altera\14.1\quartus\bin64\ccl_sqlite3.dll
0x00007ffe11830000 - 0x00007ffe11840000 	C:\altera\14.1\quartus\bin64\ccl_sqlite3_jdbc_jni_bridge.dll
0x00007ffdc6080000 - 0x00007ffdc6225000 	C:\altera\14.1\quartus\bin64\sld_filejni.dll
0x00007ffe4ebc0000 - 0x00007ffe4ec8d000 	C:\WINDOWS\System32\OLEAUT32.dll
0x00007ffe4f040000 - 0x00007ffe4f16a000 	C:\WINDOWS\System32\ole32.dll
0x00007ffe4edc0000 - 0x00007ffe4ee9a000 	C:\WINDOWS\System32\COMDLG32.dll
0x0000000003230000 - 0x0000000003233000 	C:\WINDOWS\SYSTEM32\icmp.Dll
0x00007ffe4c070000 - 0x00007ffe4c0ab000 	C:\WINDOWS\SYSTEM32\iphlpapi.DLL
0x00007ffe4cb20000 - 0x00007ffe4cb5c000 	C:\WINDOWS\SYSTEM32\SspiCli.dll
0x00007ffe2fe90000 - 0x00007ffe2fea7000 	C:\WINDOWS\system32\napinsp.dll
0x00007ffe2fe70000 - 0x00007ffe2fe8b000 	C:\WINDOWS\system32\pnrpnsp.dll
0x00007ffe47bd0000 - 0x00007ffe47be5000 	C:\WINDOWS\system32\wshbth.dll
0x00007ffe489f0000 - 0x00007ffe48a0d000 	C:\WINDOWS\system32\NLAapi.dll
0x00007ffe4c380000 - 0x00007ffe4c3ea000 	C:\WINDOWS\System32\mswsock.dll
0x00007ffe4c0b0000 - 0x00007ffe4c17b000 	C:\WINDOWS\SYSTEM32\DNSAPI.dll
0x00007ffe4d9c0000 - 0x00007ffe4d9c8000 	C:\WINDOWS\System32\NSI.dll
0x00007ffe2f980000 - 0x00007ffe2f992000 	C:\WINDOWS\System32\winrnr.dll
0x00007ffe4a700000 - 0x00007ffe4a79e000 	C:\WINDOWS\system32\uxtheme.dll
0x00007ffe42260000 - 0x00007ffe422df000 	C:\WINDOWS\System32\fwpuclnt.dll
0x00007ffe4cf10000 - 0x00007ffe4cf37000 	C:\WINDOWS\System32\bcrypt.dll
0x00007ffe467a0000 - 0x00007ffe467aa000 	C:\Windows\System32\rasadhlp.dll
0x00007ffe11440000 - 0x00007ffe11449000 	C:\altera\14.1\quartus\bin64\tcl_jni_bridge.dll
0x000000006ed70000 - 0x000000006ed8a000 	C:\altera\14.1\quartus\bin64\jre64\bin\net.dll
0x00007ffe46010000 - 0x00007ffe46027000 	C:\WINDOWS\SYSTEM32\dhcpcsvc6.DLL
0x00007ffe46690000 - 0x00007ffe466ad000 	C:\WINDOWS\SYSTEM32\dhcpcsvc.DLL
0x00007ffe3f470000 - 0x00007ffe3f654000 	C:\WINDOWS\SYSTEM32\dbghelp.dll
0x00007ffe4d360000 - 0x00007ffe4d3e0000 	C:\WINDOWS\System32\bcryptPrimitives.dll

VM Arguments:
jvm_args: -Xmx1500M -XX:+UseSerialGC 
java_command: com.altera.sopcmodel.sbtools.sbgenerate.SbGenerate --output-directory=D:/Y3_2021W/CPEN311/Lab4/Lab4_template_de1soc/template_de1soc/db/ip/sld73f98f60/ --project-directory=D:/Y3_2021W/CPEN311/Lab4/Lab4_template_de1soc/template_de1soc/ --file-set=QUARTUS_SYNTH --system-info=DEVICE_FAMILY=Cyclone V --report-file=xml:D:/Y3_2021W/CPEN311/Lab4/Lab4_template_de1soc/template_de1soc/db/ip/sld73f98f60/alt_sld_fab__report.xml --report-file=html:D:/Y3_2021W/CPEN311/Lab4/Lab4_template_de1soc/template_de1soc/db/ip/sld73f98f60/alt_sld_fab__report.html --report-file=talkback:D:/Y3_2021W/CPEN311/Lab4/Lab4_template_de1soc/template_de1soc/db/ip/sld73f98f60/alt_sld_fab__talkback.xml --component-parameter=NODE_COUNT=1 --component-parameter=MAX_WIDTH=28 --component-parameter=SETTINGS={fabric sld dir agent mfr_code 110 type_code 3 version 1 instance 0 ir_width 5 psig f63706bb} --component-parameter=CLOCKS={id {} } --component-parameter=TOP_HUB=1 --component-parameter=DESIGN_HASH=203fd656ea33e4748fac --component-name=alt_sld_fab --report-file=sopcinfo:D:/Y3_2021W/CPEN311/Lab4/Lab4_template_de1soc/template_de1soc/db/ip/sld73f98f60/alt_sld_fab.sopcinfo --report-file=qip:D:/Y3_2021W/CPEN311/Lab4/Lab4_template_de1soc/template_de1soc/db/ip/sld73f98f60/alt_sld_fab.qip --remove-qsys-generate-warning
java_class_path (initial): C:/altera/14.1/quartus/sopc_builder/model/lib\Nlview.jar;C:/altera/14.1/quartus/sopc_builder/model/lib\QuickServer.jar;C:/altera/14.1/quartus/sopc_builder/model/lib\TableLayout.jar;C:/altera/14.1/quartus/sopc_builder/model/lib\appframework-1.03.jar;C:/altera/14.1/quartus/sopc_builder/model/lib\asm-3.1.jar;C:/altera/14.1/quartus/sopc_builder/model/lib\asm-commons-3.1.jar;C:/altera/14.1/quartus/sopc_builder/model/lib\basicmodel.jar;C:/altera/14.1/quartus/sopc_builder/model/lib\beansbinding-1.2.1.jar;C:/altera/14.1/quartus/sopc_builder/model/lib\binding-2.0.6.jar;C:/altera/14.1/quartus/sopc_builder/model/lib\com.altera.componenteditor2.jar;C:/altera/14.1/quartus/sopc_builder/model/lib\com.altera.embeddedsw.app_lib.jar;C:/altera/14.1/quartus/sopc_builder/model/lib\com.altera.embeddedsw.bsp.editor.jar;C:/altera/14.1/quartus/sopc_builder/model/lib\com.altera.embeddedsw.bsp.elements.jar;C:/altera/14.1/quartus/sopc_builder/model/lib\com.altera.embeddedsw.bsp.jar;C:/altera/14.1/quartus/sopc_builder/model/lib\com.altera.embeddedsw.bsp.plugin.core.jar;C:/altera/14.1/quartus/sopc_builder/model/lib\com.altera.embeddedsw.bsp.plugin.hal.jar;C:/altera/14.1/quartus/sopc_builder/model/lib\com.altera.embeddedsw.bsp.plugin.lwhal.jar;C:/altera/14.1/quartus/sopc_builder/model/lib\com.altera.embeddedsw.bsp.schema.jar;C:/altera/14.1/quartus/sopc_builder/model/lib\com.altera.embeddedsw.bsp.scripting.jar;C:/altera/14.1/quartus/sopc_builder/model/lib\com.altera.embeddedsw.commandline.jar;C:/altera/14.1/quartus/sopc_builder/model/lib\com.altera.embeddedsw.cpexample.jar;C:/altera/14.1/quartus/sopc_builder/model/lib\com.altera.embeddedsw.flash.jar;C:/altera/14.1/quartus/sopc_builder/model/lib\com.altera.embeddedsw.launch.jar;C:/altera/14.1/quartus/sopc_builder/model/lib\com.altera.embeddedsw.swinfo.jar;C:/altera/14.1/quartus/sopc_builder/model/lib\com.altera.embeddedsw.utilities.jar;C:/altera/14.1/quartus/sopc_builder/model/lib\com.altera.entityinterfaces.jar;C:/alte
Launcher Type: SUN_STANDARD

Environment Variables:
PATH=C:/altera/14.1/quartus/bin64;c:\altera\14.1\quartus\bin64\;c:\altera\14.1\quartus\bin64\;C:\Windows\system32;C:\Windows;C:\Windows\System32\Wbem;C:\Windows\System32\WindowsPowerShell\v1.0\;C:\Windows\System32\OpenSSH\;C:\Program Files (x86)\NVIDIA Corporation\PhysX\Common;C:\Program Files\NVIDIA Corporation\NVIDIA NvDLISR;C:\Program Files\Microsoft SQL Server\Client SDK\ODBC\110\Tools\Binn\;C:\Program Files (x86)\Microsoft SQL Server\120\Tools\Binn\;C:\Program Files\Microsoft SQL Server\120\Tools\Binn\;C:\Program Files\Microsoft SQL Server\120\DTS\Binn\;C:\Program Files (x86)\Windows Kits\8.1\Windows Performance Toolkit\;C:\WINDOWS\system32;C:\WINDOWS;C:\WINDOWS\System32\Wbem;C:\WINDOWS\System32\WindowsPowerShell\v1.0\;C:\WINDOWS\System32\OpenSSH\;QUARTUS_ROOTDIR\bin;C:\Users\Ruyi\AppData\Local\Programs\Python\Python38-32\Scripts\;C:\Users\Ruyi\AppData\Local\Programs\Python\Python38-32\;C:\Users\Ruyi\AppData\Local\Microsoft\WindowsApps;C:\ffmpeg\bin;C:\altera\14.1\modelsim_ase\win32aloem;;C:\Users\Ruyi\AppData\Local\Programs\Microsoft VS Code\bin
USERNAME=Ruyi
OS=Windows_NT
PROCESSOR_IDENTIFIER=AMD64 Family 23 Model 113 Stepping 0, AuthenticAMD



---------------  S Y S T E M  ---------------

OS: Windows 8.1 , 64 bit Build 9600 

CPU:total 12 (12 cores per cpu, 1 threads per core) family 23 model 113 stepping 0, cmov, cx8, fxsr, mmx, sse, sse2, sse3, ssse3, sse4.1, sse4.2, popcnt, avx, avx2, aes, clmul, mmxext, 3dnowpref, lzcnt, sse4a, tsc, tscinvbit

Memory: 4k page, physical 16724192k(10863068k free), swap 19214560k(10021036k free)

vm_info: Java HotSpot(TM) 64-Bit Server VM (25.5-b02) for windows-amd64 JRE (1.8.0_05-b13), built on Mar 18 2014 01:08:39 by "java_re" with MS VC++ 10.0 (VS2010)

time: Wed Mar 10 12:00:19 2021
elapsed time: 20 seconds

