#
# A fatal error has been detected by the Java Runtime Environment:
#
#  EXCEPTION_ACCESS_VIOLATION (0xc0000005) at pc=0x000000006f3ac169, pid=8584, tid=13308
#
# JRE version: Java(TM) SE Runtime Environment (8.0_05-b13) (build 1.8.0_05-b13)
# Java VM: Java HotSpot(TM) 64-Bit Server VM (25.5-b02 mixed mode windows-amd64 compressed oops)
# Problematic frame:
# V  [jvm.dll+0x48c169]
#
# Failed to write core dump. Minidumps are not enabled by default on client versions of Windows
#
# If you would like to submit a bug report, please visit:
#   http://bugreport.sun.com/bugreport/crash.jsp
#

---------------  T H R E A D  ---------------

Current thread (0x0000000012949800):  JavaThread "C2 CompilerThread0" daemon [_thread_in_native, id=13308, stack(0x0000000012f50000,0x0000000013050000)]

siginfo: ExceptionCode=0xc0000005, reading address 0xffffffffffffffff

Registers:
RAX=0x0000000016be4b60, RBX=0x0000ab0012985d60, RCX=0x0000000000000001, RDX=0x0000000000000000
RSP=0x000000001304b910, RBP=0x000000001304bda0, RSI=0x000000001304bdc0, RDI=0x000000001304b9d8
R8 =0x0000000000000002, R9 =0x0000000000000000, R10=0x0000000014b216d0, R11=0x0000000000000002
R12=0x000000001304b9b8, R13=0x00000000000002b0, R14=0x0000000013ebfd68, R15=0x0000000000000056
RIP=0x000000006f3ac169, EFLAGS=0x0000000000010206

Top of Stack: (sp=0x000000001304b910)
0x000000001304b910:   0000000015e4a6c0 0000000000000330
0x000000001304b920:   000000001304b9d8 000000001304b9b8
0x000000001304b930:   0000000000000020 0000000012942bf0
0x000000001304b940:   0000000000000000 0000000000000002
0x000000001304b950:   0000000012985d60 00000000146baf40
0x000000001304b960:   0000000012942bf0 000000001304bda0
0x000000001304b970:   000000001304ba80 000000006f3ae397
0x000000001304b980:   000000001304bda0 000000001304b9d8
0x000000001304b990:   0000000000000066 000000001304ba28
0x000000001304b9a0:   00000000146baf90 00000000146c2f28
0x000000001304b9b0:   00000000000ef6d0 0000000012942bf0
0x000000001304b9c0:   0000000000000200 0000000014ad1460
0x000000001304b9d0:   00000000000000dc 000000006f54b968
0x000000001304b9e0:   0000000012942bf0 0000000000000200
0x000000001304b9f0:   0000000014ad0c60 0000000000000019
0x000000001304ba00:   00000000146baf40 0000000012942bf0 

Instructions: (pc=0x000000006f3ac169)
0x000000006f3ac149:   00 00 0f 1f 44 00 00 49 8b 46 08 41 ff c7 49 83
0x000000006f3ac159:   c5 08 49 8b 5c 05 f8 48 85 db 0f 84 d3 00 00 00
0x000000006f3ac169:   48 8b 03 48 8b cb ff 90 b0 00 00 00 84 c0 74 37
0x000000006f3ac179:   48 8b 03 48 8b cb ff 50 10 84 c0 75 2a 48 8b 43 


Register to memory mapping:

RAX=0x0000000016be4b60 is an unknown value
RBX=0x0000ab0012985d60 is an unknown value
RCX=0x0000000000000001 is an unknown value
RDX=0x0000000000000000 is an unknown value
RSP=0x000000001304b910 is pointing into the stack for thread: 0x0000000012949800
RBP=0x000000001304bda0 is pointing into the stack for thread: 0x0000000012949800
RSI=0x000000001304bdc0 is pointing into the stack for thread: 0x0000000012949800
RDI=0x000000001304b9d8 is pointing into the stack for thread: 0x0000000012949800
R8 =0x0000000000000002 is an unknown value
R9 =0x0000000000000000 is an unknown value
R10=0x0000000014b216d0 is an unknown value
R11=0x0000000000000002 is an unknown value
R12=0x000000001304b9b8 is pointing into the stack for thread: 0x0000000012949800
R13=0x00000000000002b0 is an unknown value
R14=0x0000000013ebfd68 is an unknown value
R15=0x0000000000000056 is an unknown value


Stack: [0x0000000012f50000,0x0000000013050000],  sp=0x000000001304b910,  free space=1006k
Native frames: (J=compiled Java code, j=interpreted, Vv=VM code, C=native code)
V  [jvm.dll+0x48c169]
V  [jvm.dll+0x48e397]
V  [jvm.dll+0x442464]
V  [jvm.dll+0x44366b]
V  [jvm.dll+0x427532]
V  [jvm.dll+0x96702]
V  [jvm.dll+0x96ef3]
V  [jvm.dll+0x2232c4]
V  [jvm.dll+0x27baca]
C  [msvcr100.dll+0x21d9f]
C  [msvcr100.dll+0x21e3b]
C  [KERNEL32.DLL+0x17034]
C  [ntdll.dll+0x4d241]


Current CompileTask:
C2:   1123 2194       4       com.sun.xml.bind.v2.model.impl.ElementPropertyInfoImpl::getTypes (472 bytes)


---------------  P R O C E S S  ---------------

Java Threads: ( => current thread )
  0x00000000129ce800 JavaThread "Service Thread" daemon [_thread_blocked, id=4816, stack(0x0000000013350000,0x0000000013450000)]
  0x000000001294d000 JavaThread "C1 CompilerThread3" daemon [_thread_blocked, id=2312, stack(0x0000000013250000,0x0000000013350000)]
  0x000000001294c000 JavaThread "C2 CompilerThread2" daemon [_thread_in_native, id=14364, stack(0x0000000013150000,0x0000000013250000)]
  0x000000001294b800 JavaThread "C2 CompilerThread1" daemon [_thread_in_native, id=12088, stack(0x0000000013050000,0x0000000013150000)]
=>0x0000000012949800 JavaThread "C2 CompilerThread0" daemon [_thread_in_native, id=13308, stack(0x0000000012f50000,0x0000000013050000)]
  0x0000000012945800 JavaThread "Attach Listener" daemon [_thread_blocked, id=11324, stack(0x0000000012e50000,0x0000000012f50000)]
  0x0000000012944800 JavaThread "Signal Dispatcher" daemon [_thread_blocked, id=2636, stack(0x0000000012d50000,0x0000000012e50000)]
  0x0000000012906800 JavaThread "Finalizer" daemon [_thread_blocked, id=10652, stack(0x0000000012c50000,0x0000000012d50000)]
  0x00000000128ff000 JavaThread "Reference Handler" daemon [_thread_in_Java, id=13836, stack(0x0000000012b50000,0x0000000012c50000)]
  0x00000000026a5800 JavaThread "main" [_thread_in_vm_trans, id=14168, stack(0x00000000025a0000,0x00000000026a0000)]

Other Threads:
  0x00000000128f8800 VMThread [stack: 0x0000000012a50000,0x0000000012b50000] [id=10988]
  0x00000000129d4800 WatcherThread [stack: 0x0000000013450000,0x0000000013550000] [id=11628]

VM state:not at safepoint (normal execution)

VM Mutex/Monitor currently owned by a thread: None

Heap:
 def new generation   total 1152K, used 140K [0x00000000a2400000, 0x00000000a2540000, 0x00000000c1800000)
  eden space 1024K,   1% used [0x00000000a2400000, 0x00000000a2405170, 0x00000000a2500000)
  from space 128K,  94% used [0x00000000a2500000, 0x00000000a251e1f0, 0x00000000a2520000)
  to   space 128K,   0% used [0x00000000a2520000, 0x00000000a2520000, 0x00000000a2540000)
 tenured generation   total 260864K, used 17663K [0x00000000c1800000, 0x00000000d16c0000, 0x0000000100000000)
   the space 260864K,   6% used [0x00000000c1800000, 0x00000000c293fc68, 0x00000000c293fe00, 0x00000000d16c0000)
 Metaspace       used 12131K, capacity 12504K, committed 12800K, reserved 1060864K
  class space    used 1394K, capacity 1460K, committed 1536K, reserved 1048576K

Card table byte_map: [0x0000000011b60000,0x0000000011e50000] byte_map_base: 0x000000001164e000

Polling page: 0x0000000002300000

CodeCache: size=245760Kb used=7469Kb max_used=7469Kb free=238290Kb
 bounds [0x00000000027a0000, 0x0000000002f00000, 0x00000000117a0000]
 total_blobs=2430 nmethods=2101 adapters=243
 compilation: enabled

Compilation events (10 events):
Event: 1.108 Thread 0x000000001294d000 nmethod 2373 0x0000000002cbb090 code [0x0000000002cbb1e0, 0x0000000002cbb2d0]
Event: 1.109 Thread 0x000000001294d000 2375   !   3       com.sun.org.apache.xerces.internal.parsers.AbstractSAXParser::setFeature (552 bytes)
Event: 1.110 Thread 0x000000001294d000 nmethod 2375 0x0000000002ee3dd0 code [0x0000000002ee43e0, 0x0000000002ee8a08]
Event: 1.110 Thread 0x000000001294d000 2377       3       com.sun.xml.bind.v2.runtime.reflect.Lister$CollectionLister::startPacking (7 bytes)
Event: 1.110 Thread 0x000000001294d000 nmethod 2377 0x00000000029ad6d0 code [0x00000000029ad840, 0x00000000029ada48]
Event: 1.110 Thread 0x000000001294d000 2376       3       com.sun.org.apache.xerces.internal.impl.XMLEntityScanner::load (186 bytes)
Event: 1.110 Thread 0x000000001294d000 nmethod 2376 0x000000000298cc10 code [0x000000000298cdc0, 0x000000000298d348]
Event: 1.116 Thread 0x000000001294d000 2381   !   3       sun.reflect.GeneratedConstructorAccessor9::newInstance (49 bytes)
Event: 1.117 Thread 0x000000001294d000 nmethod 2381 0x000000000298c110 code [0x000000000298c2e0, 0x000000000298c8f8]
Event: 1.117 Thread 0x000000001294d000 2383       3       com.google.common.collect.Iterators::addAll (41 bytes)

GC Heap History (10 events):
Event: 1.100 GC heap before
{Heap before GC invocations=181 (full 0):
 def new generation   total 1152K, used 1093K [0x00000000a2400000, 0x00000000a2540000, 0x00000000c1800000)
  eden space 1024K, 100% used [0x00000000a2400000, 0x00000000a2500000, 0x00000000a2500000)
  from space 128K,  53% used [0x00000000a2520000, 0x00000000a2531470, 0x00000000a2540000)
  to   space 128K,   0% used [0x00000000a2500000, 0x00000000a2500000, 0x00000000a2520000)
 tenured generation   total 260864K, used 17330K [0x00000000c1800000, 0x00000000d16c0000, 0x0000000100000000)
   the space 260864K,   6% used [0x00000000c1800000, 0x00000000c28eca58, 0x00000000c28ecc00, 0x00000000d16c0000)
 Metaspace       used 12090K, capacity 12504K, committed 12800K, reserved 1060864K
  class space    used 1393K, capacity 1460K, committed 1536K, reserved 1048576K
Event: 1.100 GC heap after
Heap after GC invocations=182 (full 0):
 def new generation   total 1152K, used 110K [0x00000000a2400000, 0x00000000a2540000, 0x00000000c1800000)
  eden space 1024K,   0% used [0x00000000a2400000, 0x00000000a2400000, 0x00000000a2500000)
  from space 128K,  86% used [0x00000000a2500000, 0x00000000a251bae8, 0x00000000a2520000)
  to   space 128K,   0% used [0x00000000a2520000, 0x00000000a2520000, 0x00000000a2540000)
 tenured generation   total 260864K, used 17343K [0x00000000c1800000, 0x00000000d16c0000, 0x0000000100000000)
   the space 260864K,   6% used [0x00000000c1800000, 0x00000000c28efd88, 0x00000000c28efe00, 0x00000000d16c0000)
 Metaspace       used 12090K, capacity 12504K, committed 12800K, reserved 1060864K
  class space    used 1393K, capacity 1460K, committed 1536K, reserved 1048576K
}
Event: 1.104 GC heap before
{Heap before GC invocations=182 (full 0):
 def new generation   total 1152K, used 1134K [0x00000000a2400000, 0x00000000a2540000, 0x00000000c1800000)
  eden space 1024K, 100% used [0x00000000a2400000, 0x00000000a2500000, 0x00000000a2500000)
  from space 128K,  86% used [0x00000000a2500000, 0x00000000a251bae8, 0x00000000a2520000)
  to   space 128K,   0% used [0x00000000a2520000, 0x00000000a2520000, 0x00000000a2540000)
 tenured generation   total 260864K, used 17343K [0x00000000c1800000, 0x00000000d16c0000, 0x0000000100000000)
   the space 260864K,   6% used [0x00000000c1800000, 0x00000000c28efd88, 0x00000000c28efe00, 0x00000000d16c0000)
 Metaspace       used 12096K, capacity 12504K, committed 12800K, reserved 1060864K
  class space    used 1393K, capacity 1460K, committed 1536K, reserved 1048576K
Event: 1.105 GC heap after
Heap after GC invocations=183 (full 0):
 def new generation   total 1152K, used 127K [0x00000000a2400000, 0x00000000a2540000, 0x00000000c1800000)
  eden space 1024K,   0% used [0x00000000a2400000, 0x00000000a2400000, 0x00000000a2500000)
  from space 128K,  99% used [0x00000000a2520000, 0x00000000a253fff0, 0x00000000a2540000)
  to   space 128K,   0% used [0x00000000a2500000, 0x00000000a2500000, 0x00000000a2520000)
 tenured generation   total 260864K, used 17399K [0x00000000c1800000, 0x00000000d16c0000, 0x0000000100000000)
   the space 260864K,   6% used [0x00000000c1800000, 0x00000000c28fde10, 0x00000000c28fe000, 0x00000000d16c0000)
 Metaspace       used 12096K, capacity 12504K, committed 12800K, reserved 1060864K
  class space    used 1393K, capacity 1460K, committed 1536K, reserved 1048576K
}
Event: 1.107 GC heap before
{Heap before GC invocations=183 (full 0):
 def new generation   total 1152K, used 1151K [0x00000000a2400000, 0x00000000a2540000, 0x00000000c1800000)
  eden space 1024K, 100% used [0x00000000a2400000, 0x00000000a2500000, 0x00000000a2500000)
  from space 128K,  99% used [0x00000000a2520000, 0x00000000a253fff0, 0x00000000a2540000)
  to   space 128K,   0% used [0x00000000a2500000, 0x00000000a2500000, 0x00000000a2520000)
 tenured generation   total 260864K, used 17399K [0x00000000c1800000, 0x00000000d16c0000, 0x0000000100000000)
   the space 260864K,   6% used [0x00000000c1800000, 0x00000000c28fde10, 0x00000000c28fe000, 0x00000000d16c0000)
 Metaspace       used 12096K, capacity 12504K, committed 12800K, reserved 1060864K
  class space    used 1393K, capacity 1460K, committed 1536K, reserved 1048576K
Event: 1.108 GC heap after
Heap after GC invocations=184 (full 0):
 def new generation   total 1152K, used 57K [0x00000000a2400000, 0x00000000a2540000, 0x00000000c1800000)
  eden space 1024K,   0% used [0x00000000a2400000, 0x00000000a2400000, 0x00000000a2500000)
  from space 128K,  44% used [0x00000000a2500000, 0x00000000a250e5e8, 0x00000000a2520000)
  to   space 128K,   0% used [0x00000000a2520000, 0x00000000a2520000, 0x00000000a2540000)
 tenured generation   total 260864K, used 17481K [0x00000000c1800000, 0x00000000d16c0000, 0x0000000100000000)
   the space 260864K,   6% used [0x00000000c1800000, 0x00000000c2912748, 0x00000000c2912800, 0x00000000d16c0000)
 Metaspace       used 12096K, capacity 12504K, committed 12800K, reserved 1060864K
  class space    used 1393K, capacity 1460K, committed 1536K, reserved 1048576K
}
Event: 1.112 GC heap before
{Heap before GC invocations=184 (full 0):
 def new generation   total 1152K, used 1081K [0x00000000a2400000, 0x00000000a2540000, 0x00000000c1800000)
  eden space 1024K, 100% used [0x00000000a2400000, 0x00000000a2500000, 0x00000000a2500000)
  from space 128K,  44% used [0x00000000a2500000, 0x00000000a250e5e8, 0x00000000a2520000)
  to   space 128K,   0% used [0x00000000a2520000, 0x00000000a2520000, 0x00000000a2540000)
 tenured generation   total 260864K, used 17481K [0x00000000c1800000, 0x00000000d16c0000, 0x0000000100000000)
   the space 260864K,   6% used [0x00000000c1800000, 0x00000000c2912748, 0x00000000c2912800, 0x00000000d16c0000)
 Metaspace       used 12108K, capacity 12504K, committed 12800K, reserved 1060864K
  class space    used 1394K, capacity 1460K, committed 1536K, reserved 1048576K
Event: 1.113 GC heap after
Heap after GC invocations=185 (full 0):
 def new generation   total 1152K, used 128K [0x00000000a2400000, 0x00000000a2540000, 0x00000000c1800000)
  eden space 1024K,   0% used [0x00000000a2400000, 0x00000000a2400000, 0x00000000a2500000)
  from space 128K, 100% used [0x00000000a2520000, 0x00000000a2540000, 0x00000000a2540000)
  to   space 128K,   0% used [0x00000000a2500000, 0x00000000a2500000, 0x00000000a2520000)
 tenured generation   total 260864K, used 17509K [0x00000000c1800000, 0x00000000d16c0000, 0x0000000100000000)
   the space 260864K,   6% used [0x00000000c1800000, 0x00000000c2919628, 0x00000000c2919800, 0x00000000d16c0000)
 Metaspace       used 12108K, capacity 12504K, committed 12800K, reserved 1060864K
  class space    used 1394K, capacity 1460K, committed 1536K, reserved 1048576K
}
Event: 1.116 GC heap before
{Heap before GC invocations=185 (full 0):
 def new generation   total 1152K, used 1152K [0x00000000a2400000, 0x00000000a2540000, 0x00000000c1800000)
  eden space 1024K, 100% used [0x00000000a2400000, 0x00000000a2500000, 0x00000000a2500000)
  from space 128K, 100% used [0x00000000a2520000, 0x00000000a2540000, 0x00000000a2540000)
  to   space 128K,   0% used [0x00000000a2500000, 0x00000000a2500000, 0x00000000a2520000)
 tenured generation   total 260864K, used 17509K [0x00000000c1800000, 0x00000000d16c0000, 0x0000000100000000)
   the space 260864K,   6% used [0x00000000c1800000, 0x00000000c2919628, 0x00000000c2919800, 0x00000000d16c0000)
 Metaspace       used 12110K, capacity 12504K, committed 12800K, reserved 1060864K
  class space    used 1394K, capacity 1460K, committed 1536K, reserved 1048576K
Event: 1.116 GC heap after
Heap after GC invocations=186 (full 0):
 def new generation   total 1152K, used 73K [0x00000000a2400000, 0x00000000a2540000, 0x00000000c1800000)
  eden space 1024K,   0% used [0x00000000a2400000, 0x00000000a2400000, 0x00000000a2500000)
  from space 128K,  57% used [0x00000000a2500000, 0x00000000a2512628, 0x00000000a2520000)
  to   space 128K,   0% used [0x00000000a2520000, 0x00000000a2520000, 0x00000000a2540000)
 tenured generation   total 260864K, used 17591K [0x00000000c1800000, 0x00000000d16c0000, 0x0000000100000000)
   the space 260864K,   6% used [0x00000000c1800000, 0x00000000c292dd08, 0x00000000c292de00, 0x00000000d16c0000)
 Metaspace       used 12110K, capacity 12504K, committed 12800K, reserved 1060864K
  class space    used 1394K, capacity 1460K, committed 1536K, reserved 1048576K
}

Deoptimization events (10 events):
Event: 0.605 Thread 0x00000000026a5800 Uncommon trap: reason=class_check action=maybe_recompile pc=0x0000000002c009f8 method=com.sun.org.apache.xerces.internal.impl.XMLDocumentFragmentScannerImpl.scanEndElement()I @ 142
Event: 0.605 Thread 0x00000000026a5800 Uncommon trap: reason=class_check action=maybe_recompile pc=0x0000000002c009f8 method=com.sun.org.apache.xerces.internal.impl.XMLDocumentFragmentScannerImpl.scanEndElement()I @ 142
Event: 0.629 Thread 0x00000000026a5800 Uncommon trap: reason=class_check action=maybe_recompile pc=0x0000000002c2fc80 method=com.sun.org.apache.xerces.internal.impl.XMLNSDocumentScannerImpl.scanStartElement()Z @ 1005
Event: 0.629 Thread 0x00000000026a5800 Uncommon trap: reason=class_check action=maybe_recompile pc=0x0000000002c2fc80 method=com.sun.org.apache.xerces.internal.impl.XMLNSDocumentScannerImpl.scanStartElement()Z @ 1005
Event: 0.629 Thread 0x00000000026a5800 Uncommon trap: reason=class_check action=maybe_recompile pc=0x0000000002c2fc80 method=com.sun.org.apache.xerces.internal.impl.XMLNSDocumentScannerImpl.scanStartElement()Z @ 1005
Event: 0.629 Thread 0x00000000026a5800 Uncommon trap: reason=class_check action=maybe_recompile pc=0x0000000002c2fc80 method=com.sun.org.apache.xerces.internal.impl.XMLNSDocumentScannerImpl.scanStartElement()Z @ 1005
Event: 0.984 Thread 0x00000000026a5800 Uncommon trap: reason=range_check action=make_not_entrant pc=0x0000000002a94260 method=java.lang.String.charAt(I)C @ 27
Event: 0.990 Thread 0x00000000026a5800 Uncommon trap: reason=class_check action=maybe_recompile pc=0x0000000002a71b7c method=java.util.regex.Pattern$CharProperty$1.isSatisfiedBy(I)Z @ 5
Event: 0.990 Thread 0x00000000026a5800 Uncommon trap: reason=class_check action=maybe_recompile pc=0x0000000002a71b7c method=java.util.regex.Pattern$CharProperty$1.isSatisfiedBy(I)Z @ 5
Event: 0.990 Thread 0x00000000026a5800 Uncommon trap: reason=class_check action=maybe_recompile pc=0x0000000002a71b7c method=java.util.regex.Pattern$CharProperty$1.isSatisfiedBy(I)Z @ 5

Internal exceptions (10 events):
Event: 1.104 Thread 0x00000000026a5800 Exception <a 'java/security/PrivilegedActionException'> (0x00000000a24f26f8) thrown at [D:\re\workspace\8-2-build-windows-amd64-cygwin\jdk8u5\2488\hotspot\src\share\vm\prims\jvm.cpp, line 1248]
Event: 1.105 Thread 0x00000000026a5800 Exception <a 'java/security/PrivilegedActionException'> (0x00000000a2401fe8) thrown at [D:\re\workspace\8-2-build-windows-amd64-cygwin\jdk8u5\2488\hotspot\src\share\vm\prims\jvm.cpp, line 1248]
Event: 1.105 Thread 0x00000000026a5800 Exception <a 'java/security/PrivilegedActionException'> (0x00000000a240b258) thrown at [D:\re\workspace\8-2-build-windows-amd64-cygwin\jdk8u5\2488\hotspot\src\share\vm\prims\jvm.cpp, line 1248]
Event: 1.109 Thread 0x00000000026a5800 Exception <a 'java/security/PrivilegedActionException'> (0x00000000a2447770) thrown at [D:\re\workspace\8-2-build-windows-amd64-cygwin\jdk8u5\2488\hotspot\src\share\vm\prims\jvm.cpp, line 1248]
Event: 1.110 Thread 0x00000000026a5800 Exception <a 'java/lang/ClassNotFoundException': com/sun/org/glassfish/hk2/osgiresourcelocator/ServiceLoader> (0x00000000a245db98) thrown at [D:\re\workspace\8-2-build-windows-amd64-cygwin\jdk8u5\2488\hotspot\src\share\vm\classfile\systemDictionary.cpp, li
Event: 1.111 Thread 0x00000000026a5800 Exception <a 'java/security/PrivilegedActionException'> (0x00000000a249cdd0) thrown at [D:\re\workspace\8-2-build-windows-amd64-cygwin\jdk8u5\2488\hotspot\src\share\vm\prims\jvm.cpp, line 1248]
Event: 1.111 Thread 0x00000000026a5800 Exception <a 'java/security/PrivilegedActionException'> (0x00000000a24a6008) thrown at [D:\re\workspace\8-2-build-windows-amd64-cygwin\jdk8u5\2488\hotspot\src\share\vm\prims\jvm.cpp, line 1248]
Event: 1.111 Thread 0x00000000026a5800 Exception <a 'java/security/PrivilegedActionException'> (0x00000000a24b58e8) thrown at [D:\re\workspace\8-2-build-windows-amd64-cygwin\jdk8u5\2488\hotspot\src\share\vm\prims\jvm.cpp, line 1248]
Event: 1.111 Thread 0x00000000026a5800 Exception <a 'java/security/PrivilegedActionException'> (0x00000000a24beb40) thrown at [D:\re\workspace\8-2-build-windows-amd64-cygwin\jdk8u5\2488\hotspot\src\share\vm\prims\jvm.cpp, line 1248]
Event: 1.115 Thread 0x00000000026a5800 Exception <a 'java/security/PrivilegedActionException'> (0x00000000a24f9af0) thrown at [D:\re\workspace\8-2-build-windows-amd64-cygwin\jdk8u5\2488\hotspot\src\share\vm\prims\jvm.cpp, line 1248]

Events (10 events):
Event: 1.111 loading class java/lang/ObjectFactory
Event: 1.111 loading class java/lang/ObjectFactory done
Event: 1.111 loading class java/lang/ObjectFactory
Event: 1.111 loading class java/lang/ObjectFactory done
Event: 1.112 Executing VM operation: GenCollectForAllocation
Event: 1.113 Executing VM operation: GenCollectForAllocation done
Event: 1.115 loading class com/sun/xml/bind/v2/runtime/unmarshaller/Discarder
Event: 1.115 loading class com/sun/xml/bind/v2/runtime/unmarshaller/Discarder done
Event: 1.116 Executing VM operation: GenCollectForAllocation
Event: 1.116 Executing VM operation: GenCollectForAllocation done


Dynamic libraries:
0x00007ff765500000 - 0x00007ff765534000 	C:\altera\14.1\quartus\bin64\jre64\bin\java.exe
0x00007ffe4f530000 - 0x00007ffe4f726000 	C:\WINDOWS\SYSTEM32\ntdll.dll
0x00007ffe4ef80000 - 0x00007ffe4f03d000 	C:\WINDOWS\System32\KERNEL32.DLL
0x00007ffe4cf90000 - 0x00007ffe4d259000 	C:\WINDOWS\System32\KERNELBASE.dll
0x00007ffe4f170000 - 0x00007ffe4f21c000 	C:\WINDOWS\System32\ADVAPI32.dll
0x00007ffe4f220000 - 0x00007ffe4f2be000 	C:\WINDOWS\System32\msvcrt.dll
0x00007ffe4e050000 - 0x00007ffe4e0ec000 	C:\WINDOWS\System32\sechost.dll
0x00007ffe4ec90000 - 0x00007ffe4edbb000 	C:\WINDOWS\System32\RPCRT4.dll
0x00007ffe4de50000 - 0x00007ffe4dff0000 	C:\WINDOWS\System32\USER32.dll
0x00007ffe4cee0000 - 0x00007ffe4cf02000 	C:\WINDOWS\System32\win32u.dll
0x00007ffe4f460000 - 0x00007ffe4f48a000 	C:\WINDOWS\System32\GDI32.dll
0x00007ffe4d480000 - 0x00007ffe4d58b000 	C:\WINDOWS\System32\gdi32full.dll
0x00007ffe4d3e0000 - 0x00007ffe4d47d000 	C:\WINDOWS\System32\msvcp_win.dll
0x00007ffe4d260000 - 0x00007ffe4d360000 	C:\WINDOWS\System32\ucrtbase.dll
0x00007ffe41670000 - 0x00007ffe4190b000 	C:\WINDOWS\WinSxS\amd64_microsoft.windows.common-controls_6595b64144ccf1df_6.0.19041.746_none_ca02b4b61b8320a4\COMCTL32.dll
0x00007ffe4eea0000 - 0x00007ffe4eed0000 	C:\WINDOWS\System32\IMM32.DLL
0x000000006f750000 - 0x000000006f822000 	C:\altera\14.1\quartus\bin64\jre64\bin\msvcr100.dll
0x000000006ef20000 - 0x000000006f74a000 	C:\altera\14.1\quartus\bin64\jre64\bin\server\jvm.dll
0x00007ffe4d9d0000 - 0x00007ffe4d9d8000 	C:\WINDOWS\System32\PSAPI.DLL
0x00007ffe42f80000 - 0x00007ffe42fa7000 	C:\WINDOWS\SYSTEM32\WINMM.dll
0x00007ffe2dc00000 - 0x00007ffe2dc09000 	C:\WINDOWS\SYSTEM32\WSOCK32.dll
0x00007ffe4eae0000 - 0x00007ffe4eb4b000 	C:\WINDOWS\System32\WS2_32.dll
0x00000000717f0000 - 0x00000000717ff000 	C:\altera\14.1\quartus\bin64\jre64\bin\verify.dll
0x000000006edb0000 - 0x000000006edd8000 	C:\altera\14.1\quartus\bin64\jre64\bin\java.dll
0x000000006ed90000 - 0x000000006eda6000 	C:\altera\14.1\quartus\bin64\jre64\bin\zip.dll
0x00007ffe4e0f0000 - 0x00007ffe4e832000 	C:\WINDOWS\System32\SHELL32.dll
0x00007ffe4adc0000 - 0x00007ffe4b550000 	C:\WINDOWS\SYSTEM32\windows.storage.dll
0x00007ffe4d590000 - 0x00007ffe4d8e6000 	C:\WINDOWS\System32\combase.dll
0x00007ffe4c660000 - 0x00007ffe4c68c000 	C:\WINDOWS\SYSTEM32\Wldp.dll
0x00007ffe4eed0000 - 0x00007ffe4ef7e000 	C:\WINDOWS\System32\SHCORE.dll
0x00007ffe4e840000 - 0x00007ffe4e895000 	C:\WINDOWS\System32\shlwapi.dll
0x00007ffe4cba0000 - 0x00007ffe4cbc6000 	C:\WINDOWS\SYSTEM32\profapi.dll
0x00007ffe13310000 - 0x00007ffe13316000 	C:\altera\14.1\quartus\bin64\sld_utiljni.dll
0x00007ffdc66f0000 - 0x00007ffdc67df000 	C:\WINDOWS\SYSTEM32\MSVCR120.dll
0x0000000071870000 - 0x00000000719f7000 	C:\altera\14.1\quartus\bin64\tcl86.dll
0x00007ffe3f890000 - 0x00007ffe3f8a8000 	C:\WINDOWS\SYSTEM32\NETAPI32.dll
0x00007ffe4c180000 - 0x00007ffe4c18c000 	C:\WINDOWS\SYSTEM32\NETUTILS.DLL
0x00007ffe410e0000 - 0x00007ffe410f9000 	C:\WINDOWS\SYSTEM32\SAMCLI.DLL
0x00007ffe4c190000 - 0x00007ffe4c1d2000 	C:\WINDOWS\SYSTEM32\LOGONCLI.DLL
0x00007ffe199a0000 - 0x00007ffe19a60000 	C:\altera\14.1\quartus\bin64\ccl_sqlite3.dll
0x00007ffe11830000 - 0x00007ffe11840000 	C:\altera\14.1\quartus\bin64\ccl_sqlite3_jdbc_jni_bridge.dll
0x00007ffe3f470000 - 0x00007ffe3f654000 	C:\WINDOWS\SYSTEM32\dbghelp.dll
0x00007ffe4d360000 - 0x00007ffe4d3e0000 	C:\WINDOWS\System32\bcryptPrimitives.dll

VM Arguments:
jvm_args: -Xmx1500M -XX:+UseSerialGC 
java_command: com.altera.sopcmodel.sbtools.sbcatalog.SbCatalog --xml --project-directory= --search-path=$,D:\Y3_2021W\CPEN311\Lab4\Lab4_template_de1soc\template_de1soc
java_class_path (initial): C:/altera/14.1/quartus/sopc_builder/model/lib\Nlview.jar;C:/altera/14.1/quartus/sopc_builder/model/lib\QuickServer.jar;C:/altera/14.1/quartus/sopc_builder/model/lib\TableLayout.jar;C:/altera/14.1/quartus/sopc_builder/model/lib\appframework-1.03.jar;C:/altera/14.1/quartus/sopc_builder/model/lib\asm-3.1.jar;C:/altera/14.1/quartus/sopc_builder/model/lib\asm-commons-3.1.jar;C:/altera/14.1/quartus/sopc_builder/model/lib\basicmodel.jar;C:/altera/14.1/quartus/sopc_builder/model/lib\beansbinding-1.2.1.jar;C:/altera/14.1/quartus/sopc_builder/model/lib\binding-2.0.6.jar;C:/altera/14.1/quartus/sopc_builder/model/lib\com.altera.componenteditor2.jar;C:/altera/14.1/quartus/sopc_builder/model/lib\com.altera.embeddedsw.app_lib.jar;C:/altera/14.1/quartus/sopc_builder/model/lib\com.altera.embeddedsw.bsp.editor.jar;C:/altera/14.1/quartus/sopc_builder/model/lib\com.altera.embeddedsw.bsp.elements.jar;C:/altera/14.1/quartus/sopc_builder/model/lib\com.altera.embeddedsw.bsp.jar;C:/altera/14.1/quartus/sopc_builder/model/lib\com.altera.embeddedsw.bsp.plugin.core.jar;C:/altera/14.1/quartus/sopc_builder/model/lib\com.altera.embeddedsw.bsp.plugin.hal.jar;C:/altera/14.1/quartus/sopc_builder/model/lib\com.altera.embeddedsw.bsp.plugin.lwhal.jar;C:/altera/14.1/quartus/sopc_builder/model/lib\com.altera.embeddedsw.bsp.schema.jar;C:/altera/14.1/quartus/sopc_builder/model/lib\com.altera.embeddedsw.bsp.scripting.jar;C:/altera/14.1/quartus/sopc_builder/model/lib\com.altera.embeddedsw.commandline.jar;C:/altera/14.1/quartus/sopc_builder/model/lib\com.altera.embeddedsw.cpexample.jar;C:/altera/14.1/quartus/sopc_builder/model/lib\com.altera.embeddedsw.flash.jar;C:/altera/14.1/quartus/sopc_builder/model/lib\com.altera.embeddedsw.launch.jar;C:/altera/14.1/quartus/sopc_builder/model/lib\com.altera.embeddedsw.swinfo.jar;C:/altera/14.1/quartus/sopc_builder/model/lib\com.altera.embeddedsw.utilities.jar;C:/altera/14.1/quartus/sopc_builder/model/lib\com.altera.entityinterfaces.jar;C:/alte
Launcher Type: SUN_STANDARD

Environment Variables:
PATH=C:/altera/14.1/quartus/bin64;c:\altera\14.1\quartus\bin64\;c:\altera\14.1\quartus\bin64\;C:\Windows\system32;C:\Windows;C:\Windows\System32\Wbem;C:\Windows\System32\WindowsPowerShell\v1.0\;C:\Windows\System32\OpenSSH\;C:\Program Files (x86)\NVIDIA Corporation\PhysX\Common;C:\Program Files\NVIDIA Corporation\NVIDIA NvDLISR;C:\Program Files\Microsoft SQL Server\Client SDK\ODBC\110\Tools\Binn\;C:\Program Files (x86)\Microsoft SQL Server\120\Tools\Binn\;C:\Program Files\Microsoft SQL Server\120\Tools\Binn\;C:\Program Files\Microsoft SQL Server\120\DTS\Binn\;C:\Program Files (x86)\Windows Kits\8.1\Windows Performance Toolkit\;C:\WINDOWS\system32;C:\WINDOWS;C:\WINDOWS\System32\Wbem;C:\WINDOWS\System32\WindowsPowerShell\v1.0\;C:\WINDOWS\System32\OpenSSH\;QUARTUS_ROOTDIR\bin;C:\Users\Ruyi\AppData\Local\Programs\Python\Python38-32\Scripts\;C:\Users\Ruyi\AppData\Local\Programs\Python\Python38-32\;C:\Users\Ruyi\AppData\Local\Microsoft\WindowsApps;C:\ffmpeg\bin;C:\altera\14.1\modelsim_ase\win32aloem;;C:\Users\Ruyi\AppData\Local\Programs\Microsoft VS Code\bin
USERNAME=Ruyi
OS=Windows_NT
PROCESSOR_IDENTIFIER=AMD64 Family 23 Model 113 Stepping 0, AuthenticAMD



---------------  S Y S T E M  ---------------

OS: Windows 8.1 , 64 bit Build 9600 

CPU:total 12 (12 cores per cpu, 1 threads per core) family 23 model 113 stepping 0, cmov, cx8, fxsr, mmx, sse, sse2, sse3, ssse3, sse4.1, sse4.2, popcnt, avx, avx2, aes, clmul, mmxext, 3dnowpref, lzcnt, sse4a, tsc, tscinvbit

Memory: 4k page, physical 16724192k(10964616k free), swap 19214560k(10058316k free)

vm_info: Java HotSpot(TM) 64-Bit Server VM (25.5-b02) for windows-amd64 JRE (1.8.0_05-b13), built on Mar 18 2014 01:08:39 by "java_re" with MS VC++ 10.0 (VS2010)

time: Wed Mar 10 11:59:54 2021
elapsed time: 1 seconds

